<?xml version="1.0" encoding="UTF-8"?>
<!-- Generated by org.testng.reporters.JUnitReportReporter -->
<testsuite hostname="SYNPULBV7MGW2" failures="0" tests="1" name="restAssuredTest.SumValidation" time="2.924" errors="0" timestamp="2024-02-01T10:46:53 IST" skipped="0">
  <testcase classname="restAssuredTest.SumValidation" name="sumOfCourses" time="2.924"/>
</testsuite> <!-- restAssuredTest.SumValidation -->
