<?xml version="1.0" encoding="UTF-8"?>
<!-- Generated by org.testng.reporters.JUnitReportReporter -->
<testsuite hostname="LAPTOP-22D1A87U" failures="0" tests="1" name="restAssuredTest.Demo1_GetRequest" time="2.249" errors="0" timestamp="2024-01-16T18:17:18 IST" skipped="0">
  <testcase classname="restAssuredTest.Demo1_GetRequest" name="getWeatherDetails" time="2.249"/>
</testsuite> <!-- restAssuredTest.Demo1_GetRequest -->
