<?xml version="1.0" encoding="UTF-8"?>
<!-- Generated by org.testng.reporters.JUnitReportReporter -->
<testsuite hostname="SYNPULBV7MGW2" failures="0" tests="1" name="restAssuredTest.DynamicJson" time="3.322" errors="0" timestamp="2024-02-01T11:18:04 IST" skipped="0">
  <testcase classname="restAssuredTest.DynamicJson" name="addBook" time="3.322"/>
</testsuite> <!-- restAssuredTest.DynamicJson -->
