<?xml version="1.0" encoding="UTF-8"?>
<!-- Generated by org.testng.reporters.JUnitReportReporter -->
<testsuite hostname="SYNPULBV7MGW2" failures="0" tests="8" name="restAssuredTest.DynamicJsonWithDataProvider" time="2.989" errors="0" timestamp="2024-02-01T11:54:10 IST" skipped="0">
  <testcase classname="restAssuredTest.DynamicJsonWithDataProvider" name="deleteBook" time="0.090"/>
  <testcase classname="restAssuredTest.DynamicJsonWithDataProvider" name="deleteBook" time="0.115"/>
  <testcase classname="restAssuredTest.DynamicJsonWithDataProvider" name="addBook" time="0.107"/>
  <testcase classname="restAssuredTest.DynamicJsonWithDataProvider" name="addBook" time="0.115"/>
  <testcase classname="restAssuredTest.DynamicJsonWithDataProvider" name="deleteBook" time="0.118"/>
  <testcase classname="restAssuredTest.DynamicJsonWithDataProvider" name="addBook" time="0.119"/>
  <testcase classname="restAssuredTest.DynamicJsonWithDataProvider" name="addBook" time="2.238"/>
  <testcase classname="restAssuredTest.DynamicJsonWithDataProvider" name="deleteBook" time="0.087"/>
</testsuite> <!-- restAssuredTest.DynamicJsonWithDataProvider -->
